<?xml version="1.0" encoding="UTF-8"?>
<testng-results skipped="0" failed="0" total="1" passed="1">
  <reporter-output>
  </reporter-output>
  <suite name="Default suite" duration-ms="17697" started-at="2014-03-03T13:14:30Z" finished-at="2014-03-03T13:14:48Z">
    <groups>
    </groups>
    <test name="Default test" duration-ms="17697" started-at="2014-03-03T13:14:30Z" finished-at="2014-03-03T13:14:48Z">
      <class name="test.AviationAdmin">
        <test-method status="PASS" signature="openBrowser()[pri:0, instance:test.AviationAdmin@1fc2ab6c]" name="openBrowser" is-config="true" duration-ms="6293" started-at="2014-03-03T18:44:30Z" finished-at="2014-03-03T18:44:36Z">
          <reporter-output>
          </reporter-output>
        </test-method> <!-- openBrowser -->
        <test-method status="PASS" signature="logout()[pri:0, instance:test.AviationAdmin@1fc2ab6c]" name="logout" duration-ms="10977" started-at="2014-03-03T18:44:36Z" finished-at="2014-03-03T18:44:47Z">
          <reporter-output>
          </reporter-output>
        </test-method> <!-- logout -->
        <test-method status="PASS" signature="closeBrowser()[pri:0, instance:test.AviationAdmin@1fc2ab6c]" name="closeBrowser" is-config="true" duration-ms="412" started-at="2014-03-03T18:44:47Z" finished-at="2014-03-03T18:44:48Z">
          <reporter-output>
          </reporter-output>
        </test-method> <!-- closeBrowser -->
      </class> <!-- test.AviationAdmin -->
    </test> <!-- Default test -->
  </suite> <!-- Default suite -->
</testng-results>
